<?xml version="1.0" encoding="UTF-8"?>
<testng-results total="1" passed="1" failed="0" skipped="0">
  <reporter-output>
  </reporter-output>
  <suite started-at="2025-07-06T20:06:23Z" name="Default suite" finished-at="2025-07-06T20:06:23Z" duration-ms="75">
    <groups>
    </groups>
    <test started-at="2025-07-06T20:06:23Z" name="Default test" finished-at="2025-07-06T20:06:23Z" duration-ms="75">
      <class name="stream.Stream_c">
        <test-method signature="streamCollect()[pri:0, instance:stream.Stream_c@4681c175]" started-at="2025-07-07T01:36:23Z" name="streamCollect" finished-at="2025-07-07T01:36:23Z" duration-ms="33" status="PASS">
          <reporter-output>
          </reporter-output>
        </test-method> <!-- streamCollect -->
      </class> <!-- stream.Stream_c -->
    </test> <!-- Default test -->
  </suite> <!-- Default suite -->
</testng-results>
